iMPACT Version: 
iMPACT log file Started on Wed Jul 23 16:23:24 2014

// *** BATCH CMD : setPreference -pref AutoSignature:FALSE
// *** BATCH CMD : setPreference -pref KeepSVF:FALSE
// *** BATCH CMD : setPreference -pref ConcurrentMode:FALSE
// *** BATCH CMD : setPreference -pref UseHighz:FALSE
// *** BATCH CMD : setPreference -pref svfUseTime:FALSE
// *** BATCH CMD : loadProjectFile -file"C:/Xilinx/8.2i/project/flappy_bird/flappy_bird.ipf"
INFO:iMPACT:1777 - 
   Reading C:/Xilinx/8.2i/xcfp/data/xcf32p.bsd...
INFO:iMPACT:501 - '1': Added Device xcf32p successfully.
----------------------------------------------------------------------
----------------------------------------------------------------------
INFO:iMPACT:1835 - Loading CFI file -- File ? --.cfi
CFI file not found, proceed with device default setting.
INFO:iMPACT:1777 - 
   Reading C:/Xilinx/8.2i/acecf/data/xccace.bsd...
INFO:iMPACT:501 - '2': Added Device xccace successfully.
----------------------------------------------------------------------
----------------------------------------------------------------------
'3': Loading file 'c:/xilinx/8.2i/project/flappy_bird/top.bit' ...
done.
INFO:iMPACT:1777 - 
   Reading C:/Xilinx/8.2i/virtex2p/data/xc2vp30.bsd...
WARNING:iMPACT:2257 - Startup Clock has been changed to 'JtagClk' in the   bitstream stored in memory,
   but the original bitstream file remains unchanged.
INFO:iMPACT:501 - '3': Added Device xc2vp30 successfully.
----------------------------------------------------------------------
----------------------------------------------------------------------
Active mode is BS
// *** BATCH CMD : setMode -ss
// *** BATCH CMD : setMode -sm
// *** BATCH CMD : setMode -hw140
// *** BATCH CMD : setMode -spi
// *** BATCH CMD : setMode -acecf
// *** BATCH CMD : setMode -acempm
// *** BATCH CMD : setMode -pff
// *** BATCH CMD : setMode -bs
// *** BATCH CMD : setMode -bs
// *** BATCH CMD : setMode -bs
